# JRE version: Java(TM) SE Runtime Environment (21.0.4+8) (build 21.0.4+8-LTS-274)
# Java VM: Java HotSpot(TM) 64-Bit Server VM (21.0.4+8-LTS-274, mixed mode, sharing, tiered, compressed oops, compressed class ptrs, g1 gc, windows-amd64)
GC Precious Log:
 CardTable entry size: 512
 Card Set container configuration: InlinePtr #cards 5 size 8 Array Of Cards #cards 12 size 40 Howl #buckets 4 coarsen threshold 1843 Howl Bitmap #cards 512 size 80 coarsen threshold 460 Card regions per heap region 1 cards per card region 2048
 CPUs: 4 total, 4 available
 Memory: 3972M
 Large Page Support: Disabled
 NUMA Support: Disabled
 Compressed Oops: Enabled (32-bit)
 Heap Region Size: 1M
 Heap Min Capacity: 8M
 Heap Initial Capacity: 64M
 Heap Max Capacity: 994M
 Pre-touch: Disabled
 Parallel Workers: 4
 Concurrent Workers: 1
 Concurrent Refinement Workers: 4
 Periodic GC: Disabled
Heap:
 garbage-first heap   total 61440K, used 35097K [0x00000000c1e00000, 0x0000000100000000)
  region size 1024K, 4 young (4096K), 2 survivors (2048K)
 Metaspace       used 69022K, committed 69760K, reserved 1114112K
  class space    used 9271K, committed 9600K, reserved 1048576K
GC Heap History (20 events):
Event: 12.238 GC heap before
{Heap before GC invocations=8 (full 0):
 garbage-first heap   total 51200K, used 42940K [0x00000000c1e00000, 0x0000000100000000)
  region size 1024K, 25 young (25600K), 2 survivors (2048K)
 Metaspace       used 33603K, committed 34176K, reserved 1114112K
  class space    used 4226K, committed 4480K, reserved 1048576K
}
Event: 12.248 GC heap after
{Heap after GC invocations=9 (full 0):
 garbage-first heap   total 51200K, used 21139K [0x00000000c1e00000, 0x0000000100000000)
  region size 1024K, 4 young (4096K), 4 survivors (4096K)
 Metaspace       used 33603K, committed 34176K, reserved 1114112K
  class space    used 4226K, committed 4480K, reserved 1048576K
}
Event: 12.698 GC heap before
{Heap before GC invocations=9 (full 0):
 garbage-first heap   total 51200K, used 31379K [0x00000000c1e00000, 0x0000000100000000)
  region size 1024K, 15 young (15360K), 4 survivors (4096K)
 Metaspace       used 35418K, committed 35968K, reserved 1114112K
  class space    used 4471K, committed 4736K, reserved 1048576K
}
Event: 12.706 GC heap after
{Heap after GC invocations=10 (full 0):
 garbage-first heap   total 51200K, used 21906K [0x00000000c1e00000, 0x0000000100000000)
  region size 1024K, 3 young (3072K), 3 survivors (3072K)
 Metaspace       used 35418K, committed 35968K, reserved 1114112K
  class space    used 4471K, committed 4736K, reserved 1048576K
}
Event: 13.889 GC heap before
{Heap before GC invocations=11 (full 0):
 garbage-first heap   total 51200K, used 44434K [0x00000000c1e00000, 0x0000000100000000)
  region size 1024K, 25 young (25600K), 3 survivors (3072K)
 Metaspace       used 41996K, committed 42624K, reserved 1114112K
  class space    used 5480K, committed 5760K, reserved 1048576K
}
Event: 13.898 GC heap after
{Heap after GC invocations=12 (full 0):
 garbage-first heap   total 51200K, used 23168K [0x00000000c1e00000, 0x0000000100000000)
  region size 1024K, 3 young (3072K), 3 survivors (3072K)
 Metaspace       used 41996K, committed 42624K, reserved 1114112K
  class space    used 5480K, committed 5760K, reserved 1048576K
}
Event: 15.077 GC heap before
{Heap before GC invocations=12 (full 0):
 garbage-first heap   total 51200K, used 42624K [0x00000000c1e00000, 0x0000000100000000)
  region size 1024K, 23 young (23552K), 3 survivors (3072K)
 Metaspace       used 48795K, committed 49344K, reserved 1114112K
  class space    used 6351K, committed 6592K, reserved 1048576K
}
Event: 15.088 GC heap after
{Heap after GC invocations=13 (full 0):
 garbage-first heap   total 51200K, used 24576K [0x00000000c1e00000, 0x0000000100000000)
  region size 1024K, 3 young (3072K), 3 survivors (3072K)
 Metaspace       used 48795K, committed 49344K, reserved 1114112K
  class space    used 6351K, committed 6592K, reserved 1048576K
}
Event: 15.962 GC heap before
{Heap before GC invocations=13 (full 0):
 garbage-first heap   total 51200K, used 44032K [0x00000000c1e00000, 0x0000000100000000)
  region size 1024K, 23 young (23552K), 3 survivors (3072K)
 Metaspace       used 55755K, committed 56384K, reserved 1114112K
  class space    used 7368K, committed 7680K, reserved 1048576K
}
Event: 15.969 GC heap after
{Heap after GC invocations=14 (full 0):
 garbage-first heap   total 51200K, used 25408K [0x00000000c1e00000, 0x0000000100000000)
  region size 1024K, 3 young (3072K), 3 survivors (3072K)
 Metaspace       used 55755K, committed 56384K, reserved 1114112K
  class space    used 7368K, committed 7680K, reserved 1048576K
}
Event: 17.514 GC heap before
{Heap before GC invocations=14 (full 0):
 garbage-first heap   total 51200K, used 40768K [0x00000000c1e00000, 0x0000000100000000)
  region size 1024K, 19 young (19456K), 3 survivors (3072K)
 Metaspace       used 59781K, committed 60416K, reserved 1114112K
  class space    used 8010K, committed 8320K, reserved 1048576K
}
Event: 17.526 GC heap after
{Heap after GC invocations=15 (full 0):
 garbage-first heap   total 51200K, used 26240K [0x00000000c1e00000, 0x0000000100000000)
  region size 1024K, 2 young (2048K), 2 survivors (2048K)
 Metaspace       used 59781K, committed 60416K, reserved 1114112K
  class space    used 8010K, committed 8320K, reserved 1048576K
}
Event: 20.146 GC heap before
{Heap before GC invocations=16 (full 0):
 garbage-first heap   total 51200K, used 45696K [0x00000000c1e00000, 0x0000000100000000)
  region size 1024K, 21 young (21504K), 2 survivors (2048K)
 Metaspace       used 63078K, committed 63744K, reserved 1114112K
  class space    used 8414K, committed 8704K, reserved 1048576K
}
Event: 20.169 GC heap after
{Heap after GC invocations=17 (full 0):
 garbage-first heap   total 61440K, used 27866K [0x00000000c1e00000, 0x0000000100000000)
  region size 1024K, 3 young (3072K), 3 survivors (3072K)
 Metaspace       used 63078K, committed 63744K, reserved 1114112K
  class space    used 8414K, committed 8704K, reserved 1048576K
}
Event: 21.563 GC heap before
{Heap before GC invocations=17 (full 0):
 garbage-first heap   total 61440K, used 54490K [0x00000000c1e00000, 0x0000000100000000)
  region size 1024K, 29 young (29696K), 3 survivors (3072K)
 Metaspace       used 65924K, committed 66624K, reserved 1114112K
  class space    used 8851K, committed 9152K, reserved 1048576K
}
Event: 21.575 GC heap after
{Heap after GC invocations=18 (full 0):
 garbage-first heap   total 61440K, used 30087K [0x00000000c1e00000, 0x0000000100000000)
  region size 1024K, 4 young (4096K), 4 survivors (4096K)
 Metaspace       used 65924K, committed 66624K, reserved 1114112K
  class space    used 8851K, committed 9152K, reserved 1048576K
}
Event: 22.834 GC heap before
{Heap before GC invocations=18 (full 0):
 garbage-first heap   total 61440K, used 53639K [0x00000000c1e00000, 0x0000000100000000)
  region size 1024K, 27 young (27648K), 4 survivors (4096K)
 Metaspace       used 67612K, committed 68288K, reserved 1114112K
  class space    used 9064K, committed 9344K, reserved 1048576K
}
Event: 22.850 GC heap after
{Heap after GC invocations=19 (full 0):
 garbage-first heap   total 61440K, used 32404K [0x00000000c1e00000, 0x0000000100000000)
  region size 1024K, 3 young (3072K), 3 survivors (3072K)
 Metaspace       used 67612K, committed 68288K, reserved 1114112K
  class space    used 9064K, committed 9344K, reserved 1048576K
}
Event: 25.468 GC heap before
{Heap before GC invocations=19 (full 0):
 garbage-first heap   total 61440K, used 53908K [0x00000000c1e00000, 0x0000000100000000)
  region size 1024K, 24 young (24576K), 3 survivors (3072K)
 Metaspace       used 68728K, committed 69440K, reserved 1114112K
  class space    used 9236K, committed 9536K, reserved 1048576K
}
Event: 25.483 GC heap after
{Heap after GC invocations=20 (full 0):
 garbage-first heap   total 61440K, used 34073K [0x00000000c1e00000, 0x0000000100000000)
  region size 1024K, 2 young (2048K), 2 survivors (2048K)
 Metaspace       used 68728K, committed 69440K, reserved 1114112K
  class space    used 9236K, committed 9536K, reserved 1048576K
}

