# JRE version: Java(TM) SE Runtime Environment (21.0.4+8) (build 21.0.4+8-LTS-274)
# Java VM: Java HotSpot(TM) 64-Bit Server VM (21.0.4+8-LTS-274, mixed mode, sharing, tiered, compressed oops, compressed class ptrs, g1 gc, windows-amd64)
GC Precious Log:
 CardTable entry size: 512
 Card Set container configuration: InlinePtr #cards 5 size 8 Array Of Cards #cards 12 size 40 Howl #buckets 4 coarsen threshold 1843 Howl Bitmap #cards 512 size 80 coarsen threshold 460 Card regions per heap region 1 cards per card region 2048
 CPUs: 4 total, 4 available
 Memory: 3972M
 Large Page Support: Disabled
 NUMA Support: Disabled
 Compressed Oops: Enabled (32-bit)
 Heap Region Size: 1M
 Heap Min Capacity: 8M
 Heap Initial Capacity: 64M
 Heap Max Capacity: 994M
 Pre-touch: Disabled
 Parallel Workers: 4
 Concurrent Workers: 1
 Concurrent Refinement Workers: 4
 Periodic GC: Disabled
Heap:
 garbage-first heap   total 90112K, used 55833K [0x00000000c1e00000, 0x0000000100000000)
  region size 1024K, 22 young (22528K), 6 survivors (6144K)
 Metaspace       used 34711K, committed 35072K, reserved 1114112K
  class space    used 3956K, committed 4096K, reserved 1048576K
GC Heap History (18 events):
Event: 1.180 GC heap before
{Heap before GC invocations=0 (full 0):
 garbage-first heap   total 65536K, used 13312K [0x00000000c1e00000, 0x0000000100000000)
  region size 1024K, 13 young (13312K), 0 survivors (0K)
 Metaspace       used 3767K, committed 3968K, reserved 1114112K
  class space    used 388K, committed 512K, reserved 1048576K
}
Event: 1.193 GC heap after
{Heap after GC invocations=1 (full 0):
 garbage-first heap   total 65536K, used 3264K [0x00000000c1e00000, 0x0000000100000000)
  region size 1024K, 2 young (2048K), 2 survivors (2048K)
 Metaspace       used 3767K, committed 3968K, reserved 1114112K
  class space    used 388K, committed 512K, reserved 1048576K
}
Event: 1.884 GC heap before
{Heap before GC invocations=1 (full 0):
 garbage-first heap   total 65536K, used 19648K [0x00000000c1e00000, 0x0000000100000000)
  region size 1024K, 18 young (18432K), 2 survivors (2048K)
 Metaspace       used 6300K, committed 6464K, reserved 1114112K
  class space    used 735K, committed 832K, reserved 1048576K
}
Event: 1.895 GC heap after
{Heap after GC invocations=2 (full 0):
 garbage-first heap   total 65536K, used 4189K [0x00000000c1e00000, 0x0000000100000000)
  region size 1024K, 1 young (1024K), 1 survivors (1024K)
 Metaspace       used 6300K, committed 6464K, reserved 1114112K
  class space    used 735K, committed 832K, reserved 1048576K
}
Event: 3.816 GC heap before
{Heap before GC invocations=2 (full 0):
 garbage-first heap   total 65536K, used 41053K [0x00000000c1e00000, 0x0000000100000000)
  region size 1024K, 38 young (38912K), 1 survivors (1024K)
 Metaspace       used 12505K, committed 12672K, reserved 1114112K
  class space    used 1523K, committed 1600K, reserved 1048576K
}
Event: 3.829 GC heap after
{Heap after GC invocations=3 (full 0):
 garbage-first heap   total 65536K, used 6816K [0x00000000c1e00000, 0x0000000100000000)
  region size 1024K, 4 young (4096K), 4 survivors (4096K)
 Metaspace       used 12505K, committed 12672K, reserved 1114112K
  class space    used 1523K, committed 1600K, reserved 1048576K
}
Event: 5.557 GC heap before
{Heap before GC invocations=3 (full 0):
 garbage-first heap   total 65536K, used 41632K [0x00000000c1e00000, 0x0000000100000000)
  region size 1024K, 38 young (38912K), 4 survivors (4096K)
 Metaspace       used 15745K, committed 16064K, reserved 1114112K
  class space    used 1855K, committed 1984K, reserved 1048576K
}
Event: 5.587 GC heap after
{Heap after GC invocations=4 (full 0):
 garbage-first heap   total 65536K, used 11514K [0x00000000c1e00000, 0x0000000100000000)
  region size 1024K, 5 young (5120K), 5 survivors (5120K)
 Metaspace       used 15745K, committed 16064K, reserved 1114112K
  class space    used 1855K, committed 1984K, reserved 1048576K
}
Event: 6.744 GC heap before
{Heap before GC invocations=4 (full 0):
 garbage-first heap   total 65536K, used 45306K [0x00000000c1e00000, 0x0000000100000000)
  region size 1024K, 38 young (38912K), 5 survivors (5120K)
 Metaspace       used 16176K, committed 16448K, reserved 1114112K
  class space    used 1875K, committed 1984K, reserved 1048576K
}
Event: 6.769 GC heap after
{Heap after GC invocations=5 (full 0):
 garbage-first heap   total 65536K, used 14753K [0x00000000c1e00000, 0x0000000100000000)
  region size 1024K, 4 young (4096K), 4 survivors (4096K)
 Metaspace       used 16176K, committed 16448K, reserved 1114112K
  class space    used 1875K, committed 1984K, reserved 1048576K
}
Event: 8.478 GC heap before
{Heap before GC invocations=5 (full 0):
 garbage-first heap   total 65536K, used 48545K [0x00000000c1e00000, 0x0000000100000000)
  region size 1024K, 38 young (38912K), 4 survivors (4096K)
 Metaspace       used 19560K, committed 19840K, reserved 1114112K
  class space    used 2233K, committed 2368K, reserved 1048576K
}
Event: 8.496 GC heap after
{Heap after GC invocations=6 (full 0):
 garbage-first heap   total 78848K, used 17111K [0x00000000c1e00000, 0x0000000100000000)
  region size 1024K, 4 young (4096K), 4 survivors (4096K)
 Metaspace       used 19560K, committed 19840K, reserved 1114112K
  class space    used 2233K, committed 2368K, reserved 1048576K
}
Event: 8.970 GC heap before
{Heap before GC invocations=6 (full 0):
 garbage-first heap   total 78848K, used 20183K [0x00000000c1e00000, 0x0000000100000000)
  region size 1024K, 8 young (8192K), 4 survivors (4096K)
 Metaspace       used 21294K, committed 21504K, reserved 1114112K
  class space    used 2449K, committed 2560K, reserved 1048576K
}
Event: 8.982 GC heap after
{Heap after GC invocations=7 (full 0):
 garbage-first heap   total 78848K, used 17775K [0x00000000c1e00000, 0x0000000100000000)
  region size 1024K, 1 young (1024K), 1 survivors (1024K)
 Metaspace       used 21294K, committed 21504K, reserved 1114112K
  class space    used 2449K, committed 2560K, reserved 1048576K
}
Event: 11.944 GC heap before
{Heap before GC invocations=8 (full 0):
 garbage-first heap   total 77824K, used 77167K [0x00000000c1e00000, 0x0000000100000000)
  region size 1024K, 27 young (27648K), 1 survivors (1024K)
 Metaspace       used 25960K, committed 26304K, reserved 1114112K
  class space    used 2945K, committed 3136K, reserved 1048576K
}
Event: 11.969 GC heap after
{Heap after GC invocations=9 (full 0):
 garbage-first heap   total 80896K, used 19764K [0x00000000c1e00000, 0x0000000100000000)
  region size 1024K, 3 young (3072K), 3 survivors (3072K)
 Metaspace       used 25960K, committed 26304K, reserved 1114112K
  class space    used 2945K, committed 3136K, reserved 1048576K
}
Event: 13.887 GC heap before
{Heap before GC invocations=9 (full 0):
 garbage-first heap   total 80896K, used 71988K [0x00000000c1e00000, 0x0000000100000000)
  region size 1024K, 46 young (47104K), 3 survivors (3072K)
 Metaspace       used 34240K, committed 34624K, reserved 1114112K
  class space    used 3895K, committed 4096K, reserved 1048576K
}
Event: 13.927 GC heap after
{Heap after GC invocations=10 (full 0):
 garbage-first heap   total 90112K, used 40473K [0x00000000c1e00000, 0x0000000100000000)
  region size 1024K, 6 young (6144K), 6 survivors (6144K)
 Metaspace       used 34240K, committed 34624K, reserved 1114112K
  class space    used 3895K, committed 4096K, reserved 1048576K
}

